Time resolution is 1 ps
Time = 0, Segments = xxxxxxxx, Anode = xxxx, SDA = 0, SCL = 0
Time = 5, Segments = xxxxxxxx, Anode = 1110, SDA = 0, SCL = 0
Time = 25, Segments = xxxxxxxx, Anode = 1101, SDA = 0, SCL = 0
Time = 35, Segments = xxxxxxxx, Anode = 1011, SDA = 0, SCL = 0
Time = 45, Segments = xxxxxxxx, Anode = 0111, SDA = 0, SCL = 0
Time = 55, Segments = xxxxxxxx, Anode = 1110, SDA = 0, SCL = 0
Time = 65, Segments = xxxxxxxx, Anode = 1101, SDA = 0, SCL = 0
Time = 75, Segments = xxxxxxxx, Anode = 1011, SDA = 0, SCL = 0
Time = 80, Segments = xxxxxxxx, Anode = 1011, SDA = z, SCL = 0
Time = 85, Segments = xxxxxxxx, Anode = 0111, SDA = z, SCL = 0
Time = 95, Segments = xxxxxxxx, Anode = 1110, SDA = z, SCL = 0
Time = 105, Segments = xxxxxxxx, Anode = 1101, SDA = z, SCL = 0
Time = 115, Segments = xxxxxxxx, Anode = 1011, SDA = z, SCL = 0
Time = 125, Segments = xxxxxxxx, Anode = 0111, SDA = z, SCL = 0
Time = 135, Segments = xxxxxxxx, Anode = 1110, SDA = z, SCL = 0
Time = 145, Segments = xxxxxxxx, Anode = 1101, SDA = z, SCL = 0
Time = 155, Segments = xxxxxxxx, Anode = 1011, SDA = z, SCL = 0
Time = 165, Segments = xxxxxxxx, Anode = 0111, SDA = z, SCL = 0
Time = 175, Segments = xxxxxxxx, Anode = 1110, SDA = z, SCL = 0
Time = 185, Segments = xxxxxxxx, Anode = 1101, SDA = z, SCL = 0
Time = 195, Segments = xxxxxxxx, Anode = 1011, SDA = z, SCL = 0
Time = 205, Segments = xxxxxxxx, Anode = 0111, SDA = z, SCL = 0
Time = 210, Segments = xxxxxxxx, Anode = 0111, SDA = 0, SCL = 0
Time = 215, Segments = xxxxxxxx, Anode = 1110, SDA = 0, SCL = 0
Time = 225, Segments = xxxxxxxx, Anode = 1101, SDA = 0, SCL = 0
Time = 235, Segments = xxxxxxxx, Anode = 1011, SDA = 0, SCL = 0
Time = 245, Segments = xxxxxxxx, Anode = 0111, SDA = 0, SCL = 0
Time = 255, Segments = xxxxxxxx, Anode = 1110, SDA = 0, SCL = 0
Time = 265, Segments = xxxxxxxx, Anode = 1101, SDA = 0, SCL = 0
Time = 275, Segments = xxxxxxxx, Anode = 1011, SDA = 0, SCL = 0
Time = 285, Segments = xxxxxxxx, Anode = 0111, SDA = 0, SCL = 0
Time = 295, Segments = xxxxxxxx, Anode = 1110, SDA = 0, SCL = 0
Time = 305, Segments = xxxxxxxx, Anode = 1101, SDA = 0, SCL = 0
Time = 315, Segments = xxxxxxxx, Anode = 1011, SDA = 0, SCL = 0
Time = 325, Segments = xxxxxxxx, Anode = 0111, SDA = 0, SCL = 0
Time = 335, Segments = xxxxxxxx, Anode = 1110, SDA = 0, SCL = 0
Time = 345, Segments = xxxxxxxx, Anode = 1101, SDA = 0, SCL = 0
Time = 355, Segments = xxxxxxxx, Anode = 1011, SDA = 0, SCL = 0
Time = 365, Segments = xxxxxxxx, Anode = 0111, SDA = 0, SCL = 0
Time = 375, Segments = xxxxxxxx, Anode = 1110, SDA = 0, SCL = 0
Time = 385, Segments = xxxxxxxx, Anode = 1101, SDA = 0, SCL = 0
Time = 395, Segments = xxxxxxxx, Anode = 1011, SDA = 0, SCL = 0
Time = 405, Segments = xxxxxxxx, Anode = 0111, SDA = 0, SCL = 0
Time = 415, Segments = xxxxxxxx, Anode = 1110, SDA = 0, SCL = 0
Time = 425, Segments = xxxxxxxx, Anode = 1101, SDA = 0, SCL = 0
Time = 435, Segments = xxxxxxxx, Anode = 1011, SDA = 0, SCL = 0
Time = 445, Segments = xxxxxxxx, Anode = 0111, SDA = 0, SCL = 0
Time = 455, Segments = xxxxxxxx, Anode = 1110, SDA = 0, SCL = 0
Time = 465, Segments = xxxxxxxx, Anode = 1101, SDA = 0, SCL = 0
Time = 475, Segments = xxxxxxxx, Anode = 1011, SDA = 0, SCL = 0
Time = 485, Segments = xxxxxxxx, Anode = 0111, SDA = 0, SCL = 0
Time = 495, Segments = xxxxxxxx, Anode = 1110, SDA = 0, SCL = 0
Time = 505, Segments = xxxxxxxx, Anode = 1101, SDA = 0, SCL = 0
Time = 515, Segments = xxxxxxxx, Anode = 1011, SDA = 0, SCL = 0
Time = 525, Segments = xxxxxxxx, Anode = 0111, SDA = 0, SCL = 0
Time = 535, Segments = xxxxxxxx, Anode = 1110, SDA = 0, SCL = 0
Time = 545, Segments = xxxxxxxx, Anode = 1101, SDA = 0, SCL = 0
Time = 555, Segments = xxxxxxxx, Anode = 1011, SDA = 0, SCL = 0
Time = 565, Segments = xxxxxxxx, Anode = 0111, SDA = 0, SCL = 0
Time = 575, Segments = xxxxxxxx, Anode = 1110, SDA = 0, SCL = 0
Time = 585, Segments = xxxxxxxx, Anode = 1101, SDA = 0, SCL = 0
Time = 595, Segments = xxxxxxxx, Anode = 1011, SDA = 0, SCL = 0
Time = 605, Segments = xxxxxxxx, Anode = 0111, SDA = 0, SCL = 0
Time = 615, Segments = xxxxxxxx, Anode = 1110, SDA = 0, SCL = 0
Time = 625, Segments = xxxxxxxx, Anode = 1101, SDA = 0, SCL = 0
Time = 635, Segments = xxxxxxxx, Anode = 1011, SDA = 0, SCL = 0
Time = 645, Segments = xxxxxxxx, Anode = 0111, SDA = 0, SCL = 0
Time = 655, Segments = xxxxxxxx, Anode = 1110, SDA = 0, SCL = 0
Time = 665, Segments = xxxxxxxx, Anode = 1101, SDA = 0, SCL = 0
Time = 675, Segments = xxxxxxxx, Anode = 1011, SDA = 0, SCL = 0
Time = 685, Segments = xxxxxxxx, Anode = 0111, SDA = 0, SCL = 0
Time = 695, Segments = xxxxxxxx, Anode = 1110, SDA = 0, SCL = 0
Time = 705, Segments = xxxxxxxx, Anode = 1101, SDA = 0, SCL = 0
$finish called at time : 710 ns : File "C:/Users/NEDUET/Desktop/Temperature Sensor/Temperature Sensor.srcs/sim_1/new/temp_sensor_TB.v" Line 89
